Arguments: 
  C:\Program Files (x86)\nodejs\node.exe C:\Users\ralph_2\AppData\Roaming\npm\node_modules\yarn\bin\yarn.js init

PATH: 
  C:\Users\ralph_2\bin;C:\Program Files\Git\mingw64\bin;C:\Program Files\Git\usr\local\bin;C:\Program Files\Git\usr\bin;C:\Program Files\Git\usr\bin;C:\Program Files\Git\mingw64\bin;C:\Program Files\Git\usr\bin;C:\Users\ralph_2\bin;C:\Program Files (x86)\Embarcadero\Studio\18.0\bin;C:\Users\Public\Documents\Embarcadero\Studio\18.0\Bpl;C:\Program Files (x86)\Embarcadero\Studio\18.0\bin64;C:\Users\Public\Documents\Embarcadero\Studio\18.0\Bpl\Win64;C:\Program Files (x86)\ActiveState Komodo IDE 9;C:\WINDOWS\system32;C:\WINDOWS;C:\WINDOWS\System32\Wbem;C:\WINDOWS\System32\WindowsPowerShell\v1.0;C:\Program Files (x86)\ATI Technologies\ATI.ACE\Core-Static;C:\Program Files (x86)\QuickTime\QTSystem;C:\Program Files\Git\cmd;C:\Program Files (x86)\Heroku\bin;C:\Program Files (x86)\git\cmd;C:\Program Files (x86)\Git\cmd;C:\Program Files (x86)\Windows Kits\10\Windows Performance Toolkit;C:\Program Files (x86)\Brackets\command;C:\Program Files (x86)\nodejs;C:\Program Files\erl8.0\bin;C:\Program Files (x86)\Elixir\bin;C:\WINDOWS\system32\config\systemprofile\.mix\escripts;C:\Program Files (x86)\NetMake\v81\components\php;C:\Users\ralph_2\AppData\Local\Programs\Python\Python35\Scripts;C:\Users\ralph_2\AppData\Local\Programs\Python\Python35;C:\Users\ralph_2\AppData\Local\Programs\Python\Python35-32\Scripts;C:\Users\ralph_2\AppData\Local\Programs\Python\Python35-32;C:\Program Files\nodejs\npm;C:\Users\ralph_2\AppData\Local\atom\bin;C:\Program Files\Docker Toolbox;C:\Users\ralph_2\AppData\Local\Microsoft\WindowsApps;C:\MinGW\msys\1.0\bin;C:\Program Files (x86)\Microsoft VS Code\bin;C:\Users\ralph_2\AppData\Roaming\npm;C:\Program Files\Git\usr\bin\vendor_perl;C:\Program Files\Git\usr\bin\core_perl

Yarn version: 
  0.19.1

Node version: 
  6.9.1

Platform: 
  win32 ia32

npm manifest: 
  No manifest

yarn manifest: 
  No manifest

Lockfile: 
  # THIS IS AN AUTOGENERATED FILE. DO NOT EDIT THIS FILE DIRECTLY.
  # yarn lockfile v1

Trace: 
  Error: Can't answer a question unless a user TTY
      at ConsoleReporter.question (C:\Users\ralph_2\AppData\Roaming\npm\node_modules\yarn\lib\reporters\console\console-reporter.js:200:29)
      at Object.<anonymous> (C:\Users\ralph_2\AppData\Roaming\npm\node_modules\yarn\lib\cli\commands\init.js:115:38)
      at next (native)
      at step (C:\Users\ralph_2\AppData\Roaming\npm\node_modules\yarn\node_modules\babel-runtime\helpers\asyncToGenerator.js:17:30)
      at C:\Users\ralph_2\AppData\Roaming\npm\node_modules\yarn\node_modules\babel-runtime\helpers\asyncToGenerator.js:28:13
